<?xml version="1.0" encoding="UTF-8"?>
<!-- Generated by org.testng.reporters.JUnitXMLReporter -->
<testsuite ignored="0" hostname="ltin270900" failures="0" tests="19" name="Default test" time="0.166" errors="0" timestamp="2024-02-28T16:20:22 IST">
  <testcase classname="testbase.baseclass" name="@BeforeClass setup" time="-1.709117422635E9">
    <failure type="org.testng.TestNGException" message="
Parameter &amp;apos;os&amp;apos; is required by BeforeClass on method setup but has not been marked @Optional or defined
in C:\Users\2303950\AppData\Local\Temp\1\testng-eclipse-431018653\testng-customsuite.xml">
      <![CDATA[org.testng.TestNGException: 
Parameter 'os' is required by BeforeClass on method setup but has not been marked @Optional or defined
in C:\Users\2303950\AppData\Local\Temp\1\testng-eclipse-431018653\testng-customsuite.xml
at org.testng.internal.Parameters.createParams(Parameters.java:270)
at org.testng.internal.Parameters.createParametersForMethod(Parameters.java:358)
at org.testng.internal.Parameters.createParameters(Parameters.java:700)
at org.testng.internal.Parameters.createConfigurationParameters(Parameters.java:168)
at org.testng.internal.ConfigInvoker.invokeConfigurations(ConfigInvoker.java:302)
at org.testng.internal.TestMethodWorker.invokeBeforeClassMethods(TestMethodWorker.java:176)
at org.testng.internal.TestMethodWorker.run(TestMethodWorker.java:122)
at java.base/java.util.ArrayList.forEach(ArrayList.java:1511)
at org.testng.TestRunner.privateRun(TestRunner.java:794)
at org.testng.TestRunner.run(TestRunner.java:596)
at org.testng.SuiteRunner.runTest(SuiteRunner.java:377)
at org.testng.SuiteRunner.runSequentially(SuiteRunner.java:371)
at org.testng.SuiteRunner.privateRun(SuiteRunner.java:332)
at org.testng.SuiteRunner.run(SuiteRunner.java:276)
at org.testng.SuiteRunnerWorker.runSuite(SuiteRunnerWorker.java:53)
at org.testng.SuiteRunnerWorker.run(SuiteRunnerWorker.java:96)
at org.testng.TestNG.runSuitesSequentially(TestNG.java:1212)
at org.testng.TestNG.runSuitesLocally(TestNG.java:1134)
at org.testng.TestNG.runSuites(TestNG.java:1063)
at org.testng.TestNG.run(TestNG.java:1031)
at org.testng.remote.AbstractRemoteTestNG.run(AbstractRemoteTestNG.java:115)
at org.testng.remote.RemoteTestNG.initAndRun(RemoteTestNG.java:251)
at org.testng.remote.RemoteTestNG.main(RemoteTestNG.java:77)
]]>
    </failure>
  </testcase> <!-- @BeforeClass setup -->
  <testcase classname="testbase.baseclass" name="@AfterClass tearDown" time="-1.709117422761E9">
    <skipped/>
  </testcase> <!-- @AfterClass tearDown -->
  <testcase classname="testcase.testcase_zigwheels01" name="mainlog" time="0.0">
    <skipped/>
  </testcase> <!-- mainlog -->
  <testcase classname="testcase.testcase_zigwheels01" name="getupbikes" time="0.0">
    <skipped/>
  </testcase> <!-- getupbikes -->
  <testcase classname="testcase.testcase_zigwheels01" name="Selectupbikes" time="0.0">
    <skipped/>
  </testcase> <!-- Selectupbikes -->
  <testcase classname="testcase.testcase_zigwheels01" name="gethonda" time="0.0">
    <skipped/>
  </testcase> <!-- gethonda -->
  <testcase classname="testcase.testcase_zigwheels01" name="sdrop" time="0.0">
    <skipped/>
  </testcase> <!-- sdrop -->
  <testcase classname="testcase.testcase_zigwheels01" name="selectingreadmore" time="0.0">
    <skipped/>
  </testcase> <!-- selectingreadmore -->
  <testcase classname="testcase.testcase_zigwheels01" name="printingreqdetails" time="0.0">
    <skipped/>
  </testcase> <!-- printingreqdetails -->
  <testcase classname="testcase.testcase_zigwheels01" name="navghp" time="0.0">
    <skipped/>
  </testcase> <!-- navghp -->
  <testcase classname="testcase.testcase_zigwheels01" name="popm" time="0.0">
    <skipped/>
  </testcase> <!-- popm -->
  <testcase classname="testcase.testcase_zigwheels01" name="selcityaschn" time="0.0">
    <skipped/>
  </testcase> <!-- selcityaschn -->
  <testcase classname="testcase.testcase_zigwheels01" name="scroillingucpm" time="0.0">
    <skipped/>
  </testcase> <!-- scroillingucpm -->
  <testcase classname="testcase.testcase_zigwheels01" name="printpm" time="0.0">
    <skipped/>
  </testcase> <!-- printpm -->
  <testcase classname="testcase.testcase_zigwheels01" name="navghp2" time="0.0">
    <skipped/>
  </testcase> <!-- navghp2 -->
  <testcase classname="testcase.testcase_zigwheels01" name="getlogo" time="0.0">
    <skipped/>
  </testcase> <!-- getlogo -->
  <testcase classname="testcase.testcase_zigwheels01" name="registering" time="0.0">
    <skipped/>
  </testcase> <!-- registering -->
  <testcase classname="testcase.testcase_zigwheels01" name="selectinggoogle" time="0.0">
    <skipped/>
  </testcase> <!-- selectinggoogle -->
  <testcase classname="testcase.testcase_zigwheels01" name="reg" time="0.0">
    <skipped/>
  </testcase> <!-- reg -->
  <testcase classname="testcase.testcase_zigwheels01" name="clknb" time="0.0">
    <skipped/>
  </testcase> <!-- clknb -->
  <testcase classname="testcase.testcase_zigwheels01" name="getemess" time="0.0">
    <skipped/>
  </testcase> <!-- getemess -->
</testsuite> <!-- Default test -->
